<?xml version="1.0" encoding="UTF-8"?>
<coverage generated="1637337324893" clover="3.2.0">
  <project timestamp="1637337324893" name="All files">
    <metrics statements="4" coveredstatements="4" conditionals="0" coveredconditionals="0" methods="2" coveredmethods="2" elements="6" coveredelements="6" complexity="0" loc="4" ncloc="4" packages="1" files="2" classes="2"/>
    <file name="commentCounter.js" path="/Users/apple/Desktop/microverse-project/javascript-projects/capstone-js/src/commentCounter.js">
      <metrics statements="2" coveredstatements="2" conditionals="0" coveredconditionals="0" methods="1" coveredmethods="1"/>
      <line num="2" count="1" type="stmt"/>
      <line num="3" count="1" type="stmt"/>
    </file>
    <file name="dogCounter.js" path="/Users/apple/Desktop/microverse-project/javascript-projects/capstone-js/src/dogCounter.js">
      <metrics statements="2" coveredstatements="2" conditionals="0" coveredconditionals="0" methods="1" coveredmethods="1"/>
      <line num="2" count="1" type="stmt"/>
      <line num="3" count="1" type="stmt"/>
    </file>
  </project>
</coverage>
