{"/Users/apple/Desktop/microverse-project/javascript-projects/capstone-js/src/commentCounter.js": {"path":"/Users/apple/Desktop/microverse-project/javascript-projects/capstone-js/src/commentCounter.js","statementMap":{"0":{"start":{"line":2,"column":26},"end":{"line":2,"column":69}},"1":{"start":{"line":3,"column":2},"end":{"line":3,"column":49}}},"fnMap":{"0":{"name":"commentsCounter","decl":{"start":{"line":1,"column":24},"end":{"line":1,"column":39}},"loc":{"start":{"line":1,"column":46},"end":{"line":4,"column":1}},"line":1}},"branchMap":{},"s":{"0":1,"1":1},"f":{"0":1},"b":{},"_coverageSchema":"1a1c01bbd47fc00a2c39e90264f33305004495a9","hash":"02b1f100433fcaa9cd6ab4a0bb883aa6c0ea606b"}
,"/Users/apple/Desktop/microverse-project/javascript-projects/capstone-js/src/dogCounter.js": {"path":"/Users/apple/Desktop/microverse-project/javascript-projects/capstone-js/src/dogCounter.js","statementMap":{"0":{"start":{"line":2,"column":18},"end":{"line":2,"column":56}},"1":{"start":{"line":3,"column":2},"end":{"line":3,"column":53}}},"fnMap":{"0":{"name":"dogCounter","decl":{"start":{"line":1,"column":24},"end":{"line":1,"column":34}},"loc":{"start":{"line":1,"column":41},"end":{"line":4,"column":1}},"line":1}},"branchMap":{},"s":{"0":1,"1":1},"f":{"0":1},"b":{},"_coverageSchema":"1a1c01bbd47fc00a2c39e90264f33305004495a9","hash":"b5b61ece1f5e6b5ee0fece6f24faa45f16013245"}
}
